2021-03-03 21:16:30 -  - exec CUpdateClient::GetUpdatesList
2021-03-03 21:16:30 -  - exec CUpdateClient::CollectRequestData
2021-03-03 21:16:30 -  - LICENSE_KEY=X&lang=ru&SUPD_VER=20.200.260&VERSION=20.200.300&TYPENC=D&SUPD_STS=1&SUPD_URS=0&SUPD_DBS=MYSQL&XE=N&CLIENT_SITE=localhost&CHHB=localhost&CSAB=%3A%3A1&SUID=168d5e6c85b82de8c8a3f35862db6212&CANGZIP=Y&CLIENT_PHPVER=7.4.15&stable=Y&mbfo=0&NGINX=Y&SMD=N&rerere=Y&bitm_main=20.200.300&bitm_abtest=20.5.0&bitm_advertising=20.5.100&bitm_b24connector=20.5.0&bitm_bitrixcloud=20.5.0&bitm_bizproc=20.5.100&bitm_bizprocdesigner=20.5.0&bitm_blog=20.100.100&bitm_calendar=20.5.400&bitm_catalog=20.0.500&bitm_clouds=20.100.0&bitm_conversion=20.5.0&bitm_currency=20.5.0&bitm_fileman=20.5.0&bitm_form=20.100.0&bitm_forum=20.5.0&bitm_highloadblock=20.100.0&bitm_iblock=20.0.1150&bitm_idea=20.5.0&bitm_im=20.0.1400&bitm_landing=20.4.850&bitm_learning=20.100.0&bitm_lists=20.0.600&bitm_mail=20.100.0&bitm_messageservice=20.100.0&bitm_mobileapp=20.5.0&bitm_perfmon=20.100.0&bitm_photogallery=20.5.0&bitm_pull=20.5.300&bitm_report=20.200.0&bitm_rest=20.50.150&bitm_sale=20.5.43&bitm_scale=20.5.0&bitm_search=20.5.0&bitm_security=20.200.0&bitm_sender=20.100.0&bitm_seo=20.0.400&bitm_socialnetwork=20.5.1400&bitm_socialservices=20.0.500&bitm_statistic=20.5.100&bitm_storeassist=18.1.0&bitm_subscribe=20.5.0&bitm_support=20.100.0&bitm_translate=20.100.0&bitm_ui=20.5.887&bitm_vote=20.100.100&bitm_webservice=18.0.0&bitm_wiki=20.5.0&bitm_workflow=20.5.0&bitl_en=&bitl_ru=&SUPD_SRS=RU&SUPD_CMP=N&SALE_15=Y&LICENSE_SIGNED=%7Enew_license18_0_sign-N
2021-03-03 21:16:30 -  - exec CUpdateClient::GetHTTPPage
2021-03-03 21:16:30 -  - TIME GetUpdatesList(request) 0.279 sec
2021-03-03 21:16:30 -  - exec CUpdateClient::ParseServerData
2021-03-03 21:16:30 -  - exec CUpdateClient::executeCounters
2021-03-03 21:16:30 -  - exec CUpdateClient::CollectRequestData
2021-03-03 21:16:30 -  - LICENSE_KEY=X&lang=ru&SUPD_VER=20.200.260&VERSION=20.200.300&TYPENC=D&SUPD_STS=1&SUPD_URS=0&SUPD_DBS=MYSQL&XE=N&CLIENT_SITE=localhost&CHHB=localhost&CSAB=%3A%3A1&SUID=168d5e6c85b82de8c8a3f35862db6212&CANGZIP=Y&CLIENT_PHPVER=7.4.15&stable=Y&mbfo=0&NGINX=Y&SMD=N&rerere=Y&bitm_main=20.200.300&bitm_abtest=20.5.0&bitm_advertising=20.5.100&bitm_b24connector=20.5.0&bitm_bitrixcloud=20.5.0&bitm_bizproc=20.5.100&bitm_bizprocdesigner=20.5.0&bitm_blog=20.100.100&bitm_calendar=20.5.400&bitm_catalog=20.0.500&bitm_clouds=20.100.0&bitm_conversion=20.5.0&bitm_currency=20.5.0&bitm_fileman=20.5.0&bitm_form=20.100.0&bitm_forum=20.5.0&bitm_highloadblock=20.100.0&bitm_iblock=20.0.1150&bitm_idea=20.5.0&bitm_im=20.0.1400&bitm_landing=20.4.850&bitm_learning=20.100.0&bitm_lists=20.0.600&bitm_mail=20.100.0&bitm_messageservice=20.100.0&bitm_mobileapp=20.5.0&bitm_perfmon=20.100.0&bitm_photogallery=20.5.0&bitm_pull=20.5.300&bitm_report=20.200.0&bitm_rest=20.50.150&bitm_sale=20.5.43&bitm_scale=20.5.0&bitm_search=20.5.0&bitm_security=20.200.0&bitm_sender=20.100.0&bitm_seo=20.0.400&bitm_socialnetwork=20.5.1400&bitm_socialservices=20.0.500&bitm_statistic=20.5.100&bitm_storeassist=18.1.0&bitm_subscribe=20.5.0&bitm_support=20.100.0&bitm_translate=20.100.0&bitm_ui=20.5.887&bitm_vote=20.100.100&bitm_webservice=18.0.0&bitm_wiki=20.5.0&bitm_workflow=20.5.0&bitl_en=&bitl_ru=&SUPD_SRS=RU&SUPD_CMP=N&SALE_15=Y&LICENSE_SIGNED=%7Enew_license18_0_sign-N&query_type=counter&cntr_result[332]=G
2021-03-03 21:16:30 -  - exec CUpdateClient::GetHTTPPage
2021-03-03 21:16:31 -  - TIME executeCounters 0.285 sec
2021-03-03 21:16:37 -  - exec CUpdateClient::UpdateUpdate
2021-03-03 21:16:37 -  - exec CUpdateClient::CollectRequestData
2021-03-03 21:16:37 -  - LICENSE_KEY=X&lang=ru&SUPD_VER=20.200.260&VERSION=20.200.300&TYPENC=D&SUPD_STS=1&SUPD_URS=0&SUPD_DBS=MYSQL&XE=N&CLIENT_SITE=localhost&CHHB=localhost&CSAB=%3A%3A1&SUID=168d5e6c85b82de8c8a3f35862db6212&CANGZIP=Y&CLIENT_PHPVER=7.4.15&stable=Y&mbfo=0&NGINX=Y&SMD=N&rerere=Y&bitm_main=20.200.300&bitm_abtest=20.5.0&bitm_advertising=20.5.100&bitm_b24connector=20.5.0&bitm_bitrixcloud=20.5.0&bitm_bizproc=20.5.100&bitm_bizprocdesigner=20.5.0&bitm_blog=20.100.100&bitm_calendar=20.5.400&bitm_catalog=20.0.500&bitm_clouds=20.100.0&bitm_conversion=20.5.0&bitm_currency=20.5.0&bitm_fileman=20.5.0&bitm_form=20.100.0&bitm_forum=20.5.0&bitm_highloadblock=20.100.0&bitm_iblock=20.0.1150&bitm_idea=20.5.0&bitm_im=20.0.1400&bitm_landing=20.4.850&bitm_learning=20.100.0&bitm_lists=20.0.600&bitm_mail=20.100.0&bitm_messageservice=20.100.0&bitm_mobileapp=20.5.0&bitm_perfmon=20.100.0&bitm_photogallery=20.5.0&bitm_pull=20.5.300&bitm_report=20.200.0&bitm_rest=20.50.150&bitm_sale=20.5.43&bitm_scale=20.5.0&bitm_search=20.5.0&bitm_security=20.200.0&bitm_sender=20.100.0&bitm_seo=20.0.400&bitm_socialnetwork=20.5.1400&bitm_socialservices=20.0.500&bitm_statistic=20.5.100&bitm_storeassist=18.1.0&bitm_subscribe=20.5.0&bitm_support=20.100.0&bitm_translate=20.100.0&bitm_ui=20.5.887&bitm_vote=20.100.100&bitm_webservice=18.0.0&bitm_wiki=20.5.0&bitm_workflow=20.5.0&bitl_en=&bitl_ru=&SUPD_SRS=RU&SUPD_CMP=N&SALE_15=Y&LICENSE_SIGNED=%7Enew_license18_0_sign-N&query_type=updateupdate
2021-03-03 21:16:37 -  - exec CUpdateClient::GetHTTPPage
2021-03-03 21:16:38 -  - TIME UpdateUpdate(request) 0.779 sec
2021-03-03 21:16:38 -  - exec CUpdateClient::UnGzipArchive
2021-03-03 21:16:38 -  - TIME UnGzipArchive 0.065 sec
2021-03-03 21:16:38 -  - exec CUpdateClient::ParseServerData
2021-03-03 21:16:38 - CURV - Update updated successfully!
2021-03-03 21:16:38 - UPD_SUCCESS - Update system updated
2021-03-03 21:16:39 -  - exec CUpdateClient::GetUpdatesList
2021-03-03 21:16:39 -  - exec CUpdateClient::CollectRequestData
2021-03-03 21:16:39 -  - LICENSE_KEY=X&lang=ru&SUPD_VER=20.300.0&VERSION=20.200.300&TYPENC=D&SUPD_STS=1&SUPD_URS=0&SUPD_DBS=MYSQL&XE=N&CLIENT_SITE=localhost&CHHB=localhost&CSAB=%3A%3A1&SUID=168d5e6c85b82de8c8a3f35862db6212&CANGZIP=Y&CLIENT_PHPVER=7.4.15&stable=Y&mbfo=0&NGINX=Y&SMD=N&rerere=Y&bitm_main=20.200.300&bitm_abtest=20.5.0&bitm_advertising=20.5.100&bitm_b24connector=20.5.0&bitm_bitrixcloud=20.5.0&bitm_bizproc=20.5.100&bitm_bizprocdesigner=20.5.0&bitm_blog=20.100.100&bitm_calendar=20.5.400&bitm_catalog=20.0.500&bitm_clouds=20.100.0&bitm_conversion=20.5.0&bitm_currency=20.5.0&bitm_fileman=20.5.0&bitm_form=20.100.0&bitm_forum=20.5.0&bitm_highloadblock=20.100.0&bitm_iblock=20.0.1150&bitm_idea=20.5.0&bitm_im=20.0.1400&bitm_landing=20.4.850&bitm_learning=20.100.0&bitm_lists=20.0.600&bitm_mail=20.100.0&bitm_messageservice=20.100.0&bitm_mobileapp=20.5.0&bitm_perfmon=20.100.0&bitm_photogallery=20.5.0&bitm_pull=20.5.300&bitm_report=20.200.0&bitm_rest=20.50.150&bitm_sale=20.5.43&bitm_scale=20.5.0&bitm_search=20.5.0&bitm_security=20.200.0&bitm_sender=20.100.0&bitm_seo=20.0.400&bitm_socialnetwork=20.5.1400&bitm_socialservices=20.0.500&bitm_statistic=20.5.100&bitm_storeassist=18.1.0&bitm_subscribe=20.5.0&bitm_support=20.100.0&bitm_translate=20.100.0&bitm_ui=20.5.887&bitm_vote=20.100.100&bitm_webservice=18.0.0&bitm_wiki=20.5.0&bitm_workflow=20.5.0&bitl_en=&bitl_ru=&SUPD_SRS=RU&SUPD_CMP=N&SALE_15=Y&LICENSE_SIGNED=%7Enew_license18_0_sign-N
2021-03-03 21:16:39 -  - exec CUpdateClient::GetHTTPPage
2021-03-03 21:16:39 -  - TIME GetUpdatesList(request) 0.229 sec
2021-03-03 21:16:39 -  - exec CUpdateClient::ParseServerData
2021-03-03 21:16:48 -  - exec CUpdateClient::GetUpdatesList
2021-03-03 21:16:48 -  - exec CUpdateClient::CollectRequestData
2021-03-03 21:16:48 -  - LICENSE_KEY=X&lang=ru&SUPD_VER=20.300.0&VERSION=20.200.300&TYPENC=D&SUPD_STS=1&SUPD_URS=0&SUPD_DBS=MYSQL&XE=N&CLIENT_SITE=localhost&CHHB=localhost&CSAB=%3A%3A1&SUID=168d5e6c85b82de8c8a3f35862db6212&CANGZIP=Y&CLIENT_PHPVER=7.4.15&stable=Y&mbfo=0&NGINX=Y&SMD=N&rerere=Y&bitm_main=20.200.300&bitm_abtest=20.5.0&bitm_advertising=20.5.100&bitm_b24connector=20.5.0&bitm_bitrixcloud=20.5.0&bitm_bizproc=20.5.100&bitm_bizprocdesigner=20.5.0&bitm_blog=20.100.100&bitm_calendar=20.5.400&bitm_catalog=20.0.500&bitm_clouds=20.100.0&bitm_conversion=20.5.0&bitm_currency=20.5.0&bitm_fileman=20.5.0&bitm_form=20.100.0&bitm_forum=20.5.0&bitm_highloadblock=20.100.0&bitm_iblock=20.0.1150&bitm_idea=20.5.0&bitm_im=20.0.1400&bitm_landing=20.4.850&bitm_learning=20.100.0&bitm_lists=20.0.600&bitm_mail=20.100.0&bitm_messageservice=20.100.0&bitm_mobileapp=20.5.0&bitm_perfmon=20.100.0&bitm_photogallery=20.5.0&bitm_pull=20.5.300&bitm_report=20.200.0&bitm_rest=20.50.150&bitm_sale=20.5.43&bitm_scale=20.5.0&bitm_search=20.5.0&bitm_security=20.200.0&bitm_sender=20.100.0&bitm_seo=20.0.400&bitm_socialnetwork=20.5.1400&bitm_socialservices=20.0.500&bitm_statistic=20.5.100&bitm_storeassist=18.1.0&bitm_subscribe=20.5.0&bitm_support=20.100.0&bitm_translate=20.100.0&bitm_ui=20.5.887&bitm_vote=20.100.100&bitm_webservice=18.0.0&bitm_wiki=20.5.0&bitm_workflow=20.5.0&bitl_en=&bitl_ru=&SUPD_SRS=RU&SUPD_CMP=N&SALE_15=Y&LICENSE_SIGNED=%7Enew_license18_0_sign-N
2021-03-03 21:16:48 -  - exec CUpdateClient::GetHTTPPage
2021-03-03 21:16:48 -  - TIME GetUpdatesList(request) 0.226 sec
2021-03-03 21:16:48 -  - exec CUpdateClient::ParseServerData
2021-03-03 21:17:18 -  - exec CUpdateClient::GetUpdatesList
2021-03-03 21:17:18 -  - exec CUpdateClient::CollectRequestData
2021-03-03 21:17:18 -  - LICENSE_KEY=X&lang=ru&SUPD_VER=20.300.0&VERSION=20.200.300&TYPENC=D&SUPD_STS=1&SUPD_URS=0&SUPD_DBS=MYSQL&XE=N&CLIENT_SITE=localhost&CHHB=localhost&CSAB=%3A%3A1&SUID=168d5e6c85b82de8c8a3f35862db6212&CANGZIP=Y&CLIENT_PHPVER=7.4.15&stable=Y&mbfo=0&NGINX=Y&SMD=N&rerere=Y&bitm_main=20.200.300&bitm_abtest=20.5.0&bitm_advertising=20.5.100&bitm_b24connector=20.5.0&bitm_bitrixcloud=20.5.0&bitm_bizproc=20.5.100&bitm_bizprocdesigner=20.5.0&bitm_blog=20.100.100&bitm_calendar=20.5.400&bitm_catalog=20.0.500&bitm_clouds=20.100.0&bitm_conversion=20.5.0&bitm_currency=20.5.0&bitm_fileman=20.5.0&bitm_form=20.100.0&bitm_forum=20.5.0&bitm_highloadblock=20.100.0&bitm_iblock=20.0.1150&bitm_idea=20.5.0&bitm_im=20.0.1400&bitm_landing=20.4.850&bitm_learning=20.100.0&bitm_lists=20.0.600&bitm_mail=20.100.0&bitm_messageservice=20.100.0&bitm_mobileapp=20.5.0&bitm_perfmon=20.100.0&bitm_photogallery=20.5.0&bitm_pull=20.5.300&bitm_report=20.200.0&bitm_rest=20.50.150&bitm_sale=20.5.43&bitm_scale=20.5.0&bitm_search=20.5.0&bitm_security=20.200.0&bitm_sender=20.100.0&bitm_seo=20.0.400&bitm_socialnetwork=20.5.1400&bitm_socialservices=20.0.500&bitm_statistic=20.5.100&bitm_storeassist=18.1.0&bitm_subscribe=20.5.0&bitm_support=20.100.0&bitm_translate=20.100.0&bitm_ui=20.5.887&bitm_vote=20.100.100&bitm_webservice=18.0.0&bitm_wiki=20.5.0&bitm_workflow=20.5.0&bitl_en=&bitl_ru=&SUPD_SRS=RU&SUPD_CMP=N&SALE_15=Y&LICENSE_SIGNED=%7Enew_license18_0_sign-N
2021-03-03 21:17:18 -  - exec CUpdateClient::GetHTTPPage
2021-03-03 21:17:18 -  - TIME GetUpdatesList(request) 0.199 sec
2021-03-03 21:17:18 -  - exec CUpdateClient::ParseServerData
